TextbookHub/app/build/outputs/logs/manifest-merger-debug-report.txt
-- Merging decision tree log ---
manifest
ADDED from src/main/AndroidManifest.xml:2:1-69:12
	package
		ADDED from src/main/AndroidManifest.xml:3:5-35
		INJECTED from src/main/AndroidManifest.xml
		INJECTED from src/main/AndroidManifest.xml
	android:versionName
		INJECTED from src/main/AndroidManifest.xml
		INJECTED from src/main/AndroidManifest.xml
	xmlns:android
		ADDED from src/main/AndroidManifest.xml:2:11-69
	android:versionCode
		INJECTED from src/main/AndroidManifest.xml
		INJECTED from src/main/AndroidManifest.xml
application
ADDED from src/main/AndroidManifest.xml:5:5-67:19
MERGED from [com.android.support:appcompat-v7:23.0.1] AndroidManifest.xml:22:5-20
MERGED from [com.android.support:support-v4:23.0.1] AndroidManifest.xml:22:5-20
MERGED from [com.android.support:design:23.0.1] AndroidManifest.xml:22:5-20
MERGED from [com.android.support:support-v4:23.0.1] AndroidManifest.xml:22:5-20
MERGED from [com.android.support:appcompat-v7:23.0.1] AndroidManifest.xml:22:5-20
MERGED from [com.android.support:support-v4:23.0.1] AndroidManifest.xml:22:5-20
	android:label
		ADDED from src/main/AndroidManifest.xml:8:9-41
	android:supportsRtl
		ADDED from src/main/AndroidManifest.xml:9:9-35
	android:allowBackup
		ADDED from src/main/AndroidManifest.xml:6:9-35
	android:icon
		ADDED from src/main/AndroidManifest.xml:7:9-43
	android:theme
		ADDED from src/main/AndroidManifest.xml:11:9-43
	android:name
		ADDED from src/main/AndroidManifest.xml:10:9-40
uses-permission#android.permission.ACCESS_NETWORK_STATE
ADDED from src/main/AndroidManifest.xml:12:9-83
	android:name
		ADDED from src/main/AndroidManifest.xml:12:26-80
activity#cmput301.textbookhub.Views.Activity_Main
ADDED from src/main/AndroidManifest.xml:13:9-19:20
	android:theme
		ADDED from src/main/AndroidManifest.xml:14:13-58
	android:name
		ADDED from src/main/AndroidManifest.xml:13:19-54
intent-filter#android.intent.action.MAIN
ADDED from src/main/AndroidManifest.xml:15:13-18:29
action#android.intent.action.MAIN
ADDED from src/main/AndroidManifest.xml:16:17-69
	android:name
		ADDED from src/main/AndroidManifest.xml:16:25-66
activity#cmput301.textbookhub.Views.Activity_Login
ADDED from src/main/AndroidManifest.xml:21:9-27:20
	android:theme
		ADDED from src/main/AndroidManifest.xml:22:13-58
	android:name
		ADDED from src/main/AndroidManifest.xml:21:19-55
intent-filter#android.intent.action.MAIN+android.intent.category.LAUNCHER
ADDED from src/main/AndroidManifest.xml:23:13-26:29
category#android.intent.category.LAUNCHER
ADDED from src/main/AndroidManifest.xml:25:17-77
	android:name
		ADDED from src/main/AndroidManifest.xml:25:27-74
activity#cmput301.textbookhub.Views.Activity_UserProfile
ADDED from src/main/AndroidManifest.xml:29:9-34:20
	android:noHistory
		ADDED from src/main/AndroidManifest.xml:30:13-37
	android:name
		ADDED from src/main/AndroidManifest.xml:29:19-61
activity#cmput301.textbookhub.Views.Activity_MyBids
ADDED from src/main/AndroidManifest.xml:36:9-40:20
	android:name
		ADDED from src/main/AndroidManifest.xml:36:19-56
activity#cmput301.textbookhub.Views.Activity_MyBorrows
ADDED from src/main/AndroidManifest.xml:42:9-46:20
	android:name
		ADDED from src/main/AndroidManifest.xml:42:19-59
activity#cmput301.textbookhub.Views.Activity_MyInventory
ADDED from src/main/AndroidManifest.xml:48:9-52:20
	android:name
		ADDED from src/main/AndroidManifest.xml:48:19-61
activity#cmput301.textbookhub.Views.Activity_EditBook
ADDED from src/main/AndroidManifest.xml:54:9-58:20
	android:name
		ADDED from src/main/AndroidManifest.xml:54:19-58
activity#cmput301.textbookhub.Views.Activity_ViewBook
ADDED from src/main/AndroidManifest.xml:60:9-64:20
	android:name
		ADDED from src/main/AndroidManifest.xml:60:19-58
uses-sdk
INJECTED from src/main/AndroidManifest.xml reason: use-sdk injection requested
MERGED from [com.android.support:appcompat-v7:23.0.1] AndroidManifest.xml:20:5-43
MERGED from [com.android.support:support-v4:23.0.1] AndroidManifest.xml:20:5-43
MERGED from [com.android.support:design:23.0.1] AndroidManifest.xml:20:5-43
MERGED from [com.android.support:support-v4:23.0.1] AndroidManifest.xml:20:5-43
MERGED from [com.android.support:appcompat-v7:23.0.1] AndroidManifest.xml:20:5-43
MERGED from [com.android.support:support-v4:23.0.1] AndroidManifest.xml:20:5-43
	android:targetSdkVersion
		INJECTED from src/main/AndroidManifest.xml
		INJECTED from src/main/AndroidManifest.xml
	android:minSdkVersion
		INJECTED from src/main/AndroidManifest.xml
		INJECTED from src/main/AndroidManifest.xml